{"D:\\myStudy\\jest-test\\demo.js": {"path":"D:\\myStudy\\jest-test\\demo.js","statementMap":{"0":{"start":{"line":2,"column":2},"end":{"line":2,"column":39}},"1":{"start":{"line":6,"column":2},"end":{"line":6,"column":40}},"2":{"start":{"line":9,"column":0},"end":{"line":12,"column":1}}},"fnMap":{"0":{"name":"fn1","decl":{"start":{"line":1,"column":9},"end":{"line":1,"column":12}},"loc":{"start":{"line":1,"column":20},"end":{"line":3,"column":1}},"line":1},"1":{"name":"fn2","decl":{"start":{"line":5,"column":9},"end":{"line":5,"column":12}},"loc":{"start":{"line":5,"column":20},"end":{"line":7,"column":1}},"line":5}},"branchMap":{"0":{"loc":{"start":{"line":2,"column":9},"end":{"line":2,"column":39}},"type":"cond-expr","locations":[{"start":{"line":2,"column":24},"end":{"line":2,"column":30}},{"start":{"line":2,"column":33},"end":{"line":2,"column":39}}],"line":2},"1":{"loc":{"start":{"line":6,"column":9},"end":{"line":6,"column":40}},"type":"cond-expr","locations":[{"start":{"line":6,"column":25},"end":{"line":6,"column":31}},{"start":{"line":6,"column":34},"end":{"line":6,"column":40}}],"line":6}},"s":{"0":1,"1":1,"2":1},"f":{"0":1,"1":1},"b":{"0":[1,0],"1":[1,0]},"_coverageSchema":"43e27e138ebf9cfc5966b082cf9a028302ed4184","hash":"b60dec1a3540b8ccbef8f73f09c007ebc57da901"}
}
